This is pdfTeX, Version 3.1415926-1.40.10 (TeX Live 2009/Debian) (format=pdflatex 2012.10.1)  10 MAY 2013 11:21
entering extended mode
 %&-line parsing enabled.
**Thesis.tex
(./Thesis.tex
LaTeX2e <2009/09/24>
Babel <v3.8l> and hyphenation patterns for english, usenglishmax, dumylang, noh
yphenation, farsi, arabic, croatian, bulgarian, ukrainian, russian, czech, slov
ak, danish, dutch, finnish, french, basque, ngerman, german, german-x-2009-06-1
9, ngerman-x-2009-06-19, ibycus, monogreek, greek, ancientgreek, hungarian, san
skrit, italian, latin, latvian, lithuanian, mongolian2a, mongolian, bokmal, nyn
orsk, romanian, irish, coptic, serbian, turkish, welsh, esperanto, uppersorbian
, estonian, indonesian, interlingua, icelandic, kurmanji, slovenian, polish, po
rtuguese, spanish, galician, catalan, swedish, ukenglish, pinyin, loaded.
(/usr/share/texmf-texlive/tex/latex/base/book.cls
Document Class: book 2007/10/19 v1.4h Standard LaTeX document class
(/usr/share/texmf-texlive/tex/latex/base/bk10.clo
File: bk10.clo 2007/10/19 v1.4h Standard LaTeX file (size option)
)
\c@part=\count79
\c@chapter=\count80
\c@section=\count81
\c@subsection=\count82
\c@subsubsection=\count83
\c@paragraph=\count84
\c@subparagraph=\count85
\c@figure=\count86
\c@table=\count87
\abovecaptionskip=\skip41
\belowcaptionskip=\skip42
\bibindent=\dimen102
) (./work.sty
(/usr/share/texmf-texlive/tex/latex/geometry/geometry.sty
Package: geometry 2008/12/21 v4.2 Page Geometry

(/usr/share/texmf-texlive/tex/latex/graphics/keyval.sty
Package: keyval 1999/03/16 v1.13 key=value parser (DPC)
\KV@toks@=\toks14
)
(/usr/share/texmf-texlive/tex/generic/oberdiek/ifpdf.sty
Package: ifpdf 2009/04/10 v2.0 Provides the ifpdf switch (HO)
Package ifpdf Info: pdfTeX in pdf mode detected.
)
(/usr/share/texmf-texlive/tex/generic/oberdiek/ifvtex.sty
Package: ifvtex 2008/11/04 v1.4 Switches for detecting VTeX and its modes (HO)
Package ifvtex Info: VTeX not detected.
)
\Gm@cnth=\count88
\Gm@cntv=\count89
\c@Gm@tempcnt=\count90
\Gm@bindingoffset=\dimen103
\Gm@wd@mp=\dimen104
\Gm@odd@mp=\dimen105
\Gm@even@mp=\dimen106
\Gm@dimlist=\toks15

(/usr/share/texmf-texlive/tex/xelatex/xetexconfig/geometry.cfg))
(/usr/share/texmf-texlive/tex/latex/amscls/amsthm.sty
Package: amsthm 2004/08/06 v2.20
\thm@style=\toks16
\thm@bodyfont=\toks17
\thm@headfont=\toks18
\thm@notefont=\toks19
\thm@headpunct=\toks20
\thm@preskip=\skip43
\thm@postskip=\skip44
\thm@headsep=\skip45
\dth@everypar=\toks21
)
(/usr/share/texmf-texlive/tex/latex/amsmath/amsmath.sty
Package: amsmath 2000/07/18 v2.13 AMS math features
\@mathmargin=\skip46

For additional information on amsmath, use the `?' option.
(/usr/share/texmf-texlive/tex/latex/amsmath/amstext.sty
Package: amstext 2000/06/29 v2.01

(/usr/share/texmf-texlive/tex/latex/amsmath/amsgen.sty
File: amsgen.sty 1999/11/30 v2.0
\@emptytoks=\toks22
\ex@=\dimen107
))
(/usr/share/texmf-texlive/tex/latex/amsmath/amsbsy.sty
Package: amsbsy 1999/11/29 v1.2d
\pmbraise@=\dimen108
)
(/usr/share/texmf-texlive/tex/latex/amsmath/amsopn.sty
Package: amsopn 1999/12/14 v2.01 operator names
)
\inf@bad=\count91
LaTeX Info: Redefining \frac on input line 211.
\uproot@=\count92
\leftroot@=\count93
LaTeX Info: Redefining \overline on input line 307.
\classnum@=\count94
\DOTSCASE@=\count95
LaTeX Info: Redefining \ldots on input line 379.
LaTeX Info: Redefining \dots on input line 382.
LaTeX Info: Redefining \cdots on input line 467.
\Mathstrutbox@=\box26
\strutbox@=\box27
\big@size=\dimen109
LaTeX Font Info:    Redeclaring font encoding OML on input line 567.
LaTeX Font Info:    Redeclaring font encoding OMS on input line 568.
\macc@depth=\count96
\c@MaxMatrixCols=\count97
\dotsspace@=\muskip10
\c@parentequation=\count98
\dspbrk@lvl=\count99
\tag@help=\toks23
\row@=\count100
\column@=\count101
\maxfields@=\count102
\andhelp@=\toks24
\eqnshift@=\dimen110
\alignsep@=\dimen111
\tagshift@=\dimen112
\tagwidth@=\dimen113
\totwidth@=\dimen114
\lineht@=\dimen115
\@envbody=\toks25
\multlinegap=\skip47
\multlinetaggap=\skip48
\mathdisplay@stack=\toks26
LaTeX Info: Redefining \[ on input line 2666.
LaTeX Info: Redefining \] on input line 2667.
)
(/usr/share/texmf-texlive/tex/latex/amsfonts/amssymb.sty
Package: amssymb 2009/06/22 v3.00

(/usr/share/texmf-texlive/tex/latex/amsfonts/amsfonts.sty
Package: amsfonts 2009/06/22 v3.00 Basic AMSFonts support
\symAMSa=\mathgroup4
\symAMSb=\mathgroup5
LaTeX Font Info:    Overwriting math alphabet `\mathfrak' in version `bold'
(Font)                  U/euf/m/n --> U/euf/b/n on input line 96.
))
(/usr/share/texmf-texlive/tex/latex/tools/enumerate.sty
Package: enumerate 1999/03/05 v3.00 enumerate extensions (DPC)
\@enLab=\toks27
)
(/usr/share/texmf-texlive/tex/latex/graphics/graphics.sty
Package: graphics 2009/02/05 v1.0o Standard LaTeX Graphics (DPC,SPQR)

(/usr/share/texmf-texlive/tex/latex/graphics/trig.sty
Package: trig 1999/03/16 v1.09 sin cos tan (DPC)
)
(/etc/texmf/tex/latex/config/graphics.cfg
File: graphics.cfg 2009/08/28 v1.8 graphics configuration of TeX Live
)
Package graphics Info: Driver file: pdftex.def on input line 91.

(/usr/share/texmf-texlive/tex/latex/pdftex-def/pdftex.def
File: pdftex.def 2010/03/12 v0.04p Graphics/color for pdfTeX
\Gread@gobject=\count103
))
(/usr/share/texmf-texlive/tex/latex/graphics/graphicx.sty
Package: graphicx 1999/02/16 v1.0f Enhanced LaTeX Graphics (DPC,SPQR)
\Gin@req@height=\dimen116
\Gin@req@width=\dimen117
)
(/usr/share/texmf-texlive/tex/latex/graphics/color.sty
Package: color 2005/11/14 v1.0j Standard LaTeX Color (DPC)

(/etc/texmf/tex/latex/config/color.cfg
File: color.cfg 2007/01/18 v1.5 color configuration of teTeX/TeXLive
)
Package color Info: Driver file: pdftex.def on input line 130.

(/usr/share/texmf-texlive/tex/latex/graphics/dvipsnam.def
File: dvipsnam.def 1999/02/16 v3.0i Driver-dependant file (DPC,SPQR)
))
(/usr/share/texmf-texlive/tex/latex/hyperref/hyperref.sty
Package: hyperref 2009/10/09 v6.79a Hypertext links for LaTeX

(/usr/share/texmf-texlive/tex/generic/ifxetex/ifxetex.sty
Package: ifxetex 2009/01/23 v0.5 Provides ifxetex conditional
)
(/usr/share/texmf-texlive/tex/latex/oberdiek/hycolor.sty
Package: hycolor 2009/10/02 v1.5 Code for color options of hyperref/bookmark (H
O)

(/usr/share/texmf-texlive/tex/latex/oberdiek/xcolor-patch.sty
Package: xcolor-patch 2009/10/02 xcolor patch
))
\@linkdim=\dimen118
\Hy@linkcounter=\count104
\Hy@pagecounter=\count105

(/usr/share/texmf-texlive/tex/latex/hyperref/pd1enc.def
File: pd1enc.def 2009/10/09 v6.79a Hyperref: PDFDocEncoding definition (HO)
)
(/usr/share/texmf-texlive/tex/generic/oberdiek/etexcmds.sty
Package: etexcmds 2007/12/12 v1.2 Prefix for e-TeX command names (HO)

(/usr/share/texmf-texlive/tex/generic/oberdiek/infwarerr.sty
Package: infwarerr 2007/09/09 v1.2 Providing info/warning/message (HO)
)
Package etexcmds Info: Could not find \expanded.
(etexcmds)             That can mean that you are not using pdfTeX 1.50 or
(etexcmds)             that some package has redefined \expanded.
(etexcmds)             In the latter case, load this package earlier.
)
(/usr/share/texmf-texlive/tex/latex/latexconfig/hyperref.cfg
File: hyperref.cfg 2002/06/06 v1.2 hyperref configuration of TeXLive
)
(/usr/share/texmf-texlive/tex/latex/oberdiek/kvoptions.sty
Package: kvoptions 2009/08/13 v3.4 Keyval support for LaTeX options (HO)

(/usr/share/texmf-texlive/tex/generic/oberdiek/kvsetkeys.sty
Package: kvsetkeys 2009/07/30 v1.5 Key value parser with default handler suppor
t (HO)
))
Package hyperref Info: Hyper figures OFF on input line 2975.
Package hyperref Info: Link nesting OFF on input line 2980.
Package hyperref Info: Hyper index ON on input line 2983.
Package hyperref Info: Plain pages OFF on input line 2990.
Package hyperref Info: Backreferencing OFF on input line 2995.

Implicit mode ON; LaTeX internals redefined
Package hyperref Info: Bookmarks ON on input line 3191.
(/usr/share/texmf-texlive/tex/latex/ltxmisc/url.sty
\Urlmuskip=\muskip11
Package: url 2006/04/12  ver 3.3  Verb mode for urls, etc.
)
LaTeX Info: Redefining \url on input line 3428.

(/usr/share/texmf-texlive/tex/generic/oberdiek/bitset.sty
Package: bitset 2007/09/28 v1.0 Data type bit set (HO)

(/usr/share/texmf-texlive/tex/generic/oberdiek/intcalc.sty
Package: intcalc 2007/09/27 v1.1 Expandable integer calculations (HO)
)
(/usr/share/texmf-texlive/tex/generic/oberdiek/bigintcalc.sty
Package: bigintcalc 2007/11/11 v1.1 Expandable big integer calculations (HO)

(/usr/share/texmf-texlive/tex/generic/oberdiek/pdftexcmds.sty
Package: pdftexcmds 2009/09/23 v0.6 LuaTeX support for pdfTeX utility functions
 (HO)

(/usr/share/texmf-texlive/tex/generic/oberdiek/ifluatex.sty
Package: ifluatex 2009/04/17 v1.2 Provides the ifluatex switch (HO)
Package ifluatex Info: LuaTeX not detected.
)
(/usr/share/texmf-texlive/tex/generic/oberdiek/ltxcmds.sty
Package: ltxcmds 2009/08/05 v1.0 Some LaTeX kernel commands for general use (HO
)
)
Package pdftexcmds Info: LuaTeX not detected.
Package pdftexcmds Info: \pdf@primitive is available.
Package pdftexcmds Info: \pdf@ifprimitive is available.
)))
\Fld@menulength=\count106
\Field@Width=\dimen119
\Fld@charsize=\dimen120
\Field@toks=\toks28
Package hyperref Info: Hyper figures OFF on input line 4377.
Package hyperref Info: Link nesting OFF on input line 4382.
Package hyperref Info: Hyper index ON on input line 4385.
Package hyperref Info: backreferencing OFF on input line 4392.
Package hyperref Info: Link coloring OFF on input line 4397.
Package hyperref Info: Link coloring with OCG OFF on input line 4402.
Package hyperref Info: PDF/A mode OFF on input line 4407.

(/usr/share/texmf-texlive/tex/generic/oberdiek/atbegshi.sty
Package: atbegshi 2008/07/31 v1.9 At begin shipout hook (HO)
)
\Hy@abspage=\count107
\c@Item=\count108
\c@Hfootnote=\count109
)
*hyperref using default driver hpdftex*
(/usr/share/texmf-texlive/tex/latex/hyperref/hpdftex.def
File: hpdftex.def 2009/10/09 v6.79a Hyperref driver for pdfTeX
\Fld@listcount=\count110
)
Package hyperref Info: Option `colorlinks' set `true' on input line 16.

(/usr/share/texmf/tex/latex/xcolor/xcolor.sty
Package: xcolor 2007/01/21 v2.11 LaTeX color extensions (UK)

(/etc/texmf/tex/latex/config/color.cfg
File: color.cfg 2007/01/18 v1.5 color configuration of teTeX/TeXLive
)
Package xcolor Info: Driver file: pdftex.def on input line 225.
LaTeX Info: Redefining \color on input line 702.
Package xcolor Info: Model `cmy' substituted by `cmy0' on input line 1337.
Package xcolor Info: Model `hsb' substituted by `rgb' on input line 1341.
Package xcolor Info: Model `RGB' extended on input line 1353.
Package xcolor Info: Model `HTML' substituted by `rgb' on input line 1355.
Package xcolor Info: Model `Hsb' substituted by `hsb' on input line 1356.
Package xcolor Info: Model `tHsb' substituted by `hsb' on input line 1357.
Package xcolor Info: Model `HSB' substituted by `hsb' on input line 1358.
Package xcolor Info: Model `Gray' substituted by `gray' on input line 1359.
Package xcolor Info: Model `wave' substituted by `hsb' on input line 1360.

(/usr/share/texmf/tex/latex/xcolor/svgnam.def
File: svgnam.def 2007/01/21 v2.11 Predefined colors according to SVG 1.1 (UK)
))
(/usr/share/texmf-texlive/tex/latex/nonfloat/nonfloat.sty
(/usr/share/texmf-texlive/tex/latex/base/ifthen.sty
Package: ifthen 2001/05/26 v1.1c Standard LaTeX ifthen package (DPC)
))
(/usr/share/texmf-texlive/tex/latex/ltxmisc/framed.sty
Package: framed 2007/10/04 v 0.95: framed or shaded text with page breaks
\fb@frw=\dimen121
\fb@frh=\dimen122
\FrameRule=\dimen123
\FrameSep=\dimen124
))
(/usr/share/texmf-texlive/tex/latex/wasysym/wasysym.sty
Package: wasysym 2003/10/30 v2.0 Wasy-2 symbol support package
\symwasy=\mathgroup6
LaTeX Font Info:    Overwriting symbol font `wasy' in version `bold'
(Font)                  U/wasy/m/n --> U/wasy/b/n on input line 90.
)
(/usr/share/texmf-texlive/tex/latex/amsfonts/euscript.sty
Package: euscript 2009/06/22 v3.00 Euler Script fonts
LaTeX Font Info:    Overwriting math alphabet `\EuScript' in version `bold'
(Font)                  U/eus/m/n --> U/eus/b/n on input line 33.
)
(/usr/share/texmf-texlive/tex/latex/fancyhdr/fancyhdr.sty
\fancy@headwidth=\skip49
\f@ncyO@elh=\skip50
\f@ncyO@erh=\skip51
\f@ncyO@olh=\skip52
\f@ncyO@orh=\skip53
\f@ncyO@elf=\skip54
\f@ncyO@erf=\skip55
\f@ncyO@olf=\skip56
\f@ncyO@orf=\skip57
)
(/usr/share/texmf-texlive/tex/latex/tools/layout.sty
Package: layout 2000/09/25 v1.2c Show layout parameters
\oneinch=\count111
\cnt@paperwidth=\count112
\cnt@paperheight=\count113
\cnt@hoffset=\count114
\cnt@voffset=\count115
\cnt@textheight=\count116
\cnt@textwidth=\count117
\cnt@topmargin=\count118
\cnt@oddsidemargin=\count119
\cnt@evensidemargin=\count120
\cnt@headheight=\count121
\cnt@headsep=\count122
\cnt@marginparsep=\count123
\cnt@marginparwidth=\count124
\cnt@marginparpush=\count125
\cnt@footskip=\count126
\fheight=\count127
\ref@top=\count128
\ref@hoffset=\count129
\ref@voffset=\count130
\ref@head=\count131
\ref@body=\count132
\ref@foot=\count133
\ref@margin=\count134
\ref@marginwidth=\count135
\ref@marginpar=\count136
\Interval=\count137
\ExtraYPos=\count138
\PositionX=\count139
\PositionY=\count140
\ArrowLength=\count141
) (./Thesis.aux)
\openout1 = `Thesis.aux'.

LaTeX Font Info:    Checking defaults for OML/cmm/m/it on input line 46.
LaTeX Font Info:    ... okay on input line 46.
LaTeX Font Info:    Checking defaults for T1/cmr/m/n on input line 46.
LaTeX Font Info:    ... okay on input line 46.
LaTeX Font Info:    Checking defaults for OT1/cmr/m/n on input line 46.
LaTeX Font Info:    ... okay on input line 46.
LaTeX Font Info:    Checking defaults for OMS/cmsy/m/n on input line 46.
LaTeX Font Info:    ... okay on input line 46.
LaTeX Font Info:    Checking defaults for OMX/cmex/m/n on input line 46.
LaTeX Font Info:    ... okay on input line 46.
LaTeX Font Info:    Checking defaults for U/cmr/m/n on input line 46.
LaTeX Font Info:    ... okay on input line 46.
LaTeX Font Info:    Checking defaults for PD1/pdf/m/n on input line 46.
LaTeX Font Info:    ... okay on input line 46.

*geometry auto-detecting driver*
*geometry detected driver: pdftex*
-------------------- Geometry parameters
paper: class default
landscape: --
twocolumn: --
twoside: true
asymmetric: --
h-parts: 108.405pt, 397.485pt, 108.405pt
v-parts: 36.135pt, 722.7pt, 36.135pt
hmarginratio: --
vmarginratio: --
lines: --
heightrounded: --
bindingoffset: 0.0pt
truedimen: --
includehead: --
includefoot: --
includemp: --
driver: pdftex
-------------------- Page layout dimensions and switches
\paperwidth  614.295pt
\paperheight 794.96999pt
\textwidth  397.485pt
\textheight 722.7pt
\oddsidemargin  36.13501pt
\evensidemargin 36.13501pt
\topmargin  -57.6627pt
\headheight 12.91663pt
\headsep    8.61108pt
\footskip   25.29494pt
\marginparwidth 125.0pt
\marginparsep   7.0pt
\columnsep  10.0pt
\skip\footins  9.0pt plus 4.0pt minus 2.0pt
\hoffset 0.0pt
\voffset 0.0pt
\mag 1000
\@twosidetrue \@mparswitchtrue 
(1in=72.27pt, 1cm=28.45pt)
-----------------------
(/usr/share/texmf-texlive/tex/context/base/supp-pdf.mkii
[Loading MPS to PDF converter (version 2006.09.02).]
\scratchcounter=\count142
\scratchdimen=\dimen125
\scratchbox=\box28
\nofMPsegments=\count143
\nofMParguments=\count144
\everyMPshowfont=\toks29
\MPscratchCnt=\count145
\MPscratchDim=\dimen126
\MPnumerator=\count146
\everyMPtoPDFconversion=\toks30
)
Package hyperref Info: Link coloring ON on input line 46.
 (/usr/share/texmf-texlive/tex/latex/hyperref/nameref.sty
Package: nameref 2007/05/29 v2.31 Cross-referencing by name of section

(/usr/share/texmf-texlive/tex/latex/oberdiek/refcount.sty
Package: refcount 2008/08/11 v3.1 Data extraction from references (HO)
)
\c@section@level=\count147
)
LaTeX Info: Redefining \ref on input line 46.
LaTeX Info: Redefining \pageref on input line 46.
 (./Thesis.out)
(./Thesis.out)
\@outlinefile=\write3
\openout3 = `Thesis.out'.

\AtBeginShipoutBox=\box29
 [1


{/var/lib/texmf/fonts/map/pdftex/updmap/pdftex.map}] [2

]
(./Thesis.toc
LaTeX Font Info:    Try loading font information for U+msa on input line 3.
 (/usr/share/texmf-texlive/tex/latex/amsfonts/umsa.fd
File: umsa.fd 2009/06/22 v3.00 AMS symbols A
)
LaTeX Font Info:    Try loading font information for U+msb on input line 3.

(/usr/share/texmf-texlive/tex/latex/amsfonts/umsb.fd
File: umsb.fd 2009/06/22 v3.00 AMS symbols B
)
LaTeX Font Info:    Try loading font information for U+wasy on input line 3.

(/usr/share/texmf-texlive/tex/latex/wasysym/uwasy.fd
File: uwasy.fd 2003/10/30 v2.0 Wasy-2 symbol font definitions
) [3])
\tf@toc=\write4
\openout4 = `Thesis.toc'.

 [4] [5

] [6

]
Chapter 1.
[7] <./Figures/F11.pdf, id=361, 722.7pt x 361.35pt>
File: ./Figures/F11.pdf Graphic file (type pdf)
 <use ./Figures/F11.pdf>
Overfull \hbox (14.22636pt too wide) in paragraph at lines 181--181
 $[]$
 []


Underfull \hbox (badness 10000) in paragraph at lines 181--181
 
 []

[8 <./Figures/F11.pdf>]
LaTeX Font Info:    Try loading font information for U+eus on input line 211.
 (/usr/share/texmf-texlive/tex/latex/amsfonts/ueus.fd
File: ueus.fd 2009/06/22 v3.00 Euler Script
)
[9] [10] <./Figures/F12.pdf, id=444, 361.35pt x 361.35pt>
File: ./Figures/F12.pdf Graphic file (type pdf)

<use ./Figures/F12.pdf> [11] [12 <./Figures/F12.pdf>] [13] [14]
<./Figures/F13.pdf, id=474, 361.35pt x 361.35pt>
File: ./Figures/F13.pdf Graphic file (type pdf)
 <use ./Figures/F13.pdf>
[15 <./Figures/F13.pdf>] [16] [17] [18] [19] [20]

Package hyperref Warning: Token not allowed in a PDF string (PDFDocEncoding):
(hyperref)                removing `math shift' on input line 942.


Package hyperref Warning: Token not allowed in a PDF string (PDFDocEncoding):
(hyperref)                removing `superscript' on input line 942.


Package hyperref Warning: Token not allowed in a PDF string (PDFDocEncoding):
(hyperref)                removing `math shift' on input line 942.


Package hyperref Warning: Token not allowed in a PDF string (PDFDocEncoding):
(hyperref)                removing `math shift' on input line 942.


Package hyperref Warning: Token not allowed in a PDF string (PDFDocEncoding):
(hyperref)                removing `superscript' on input line 942.


Package hyperref Warning: Token not allowed in a PDF string (PDFDocEncoding):
(hyperref)                removing `math shift' on input line 942.

[21] [22] [23] [24] [25] [26] [27] [28]
Overfull \hbox (19.99448pt too wide) in paragraph at lines 1447--1449
\OT1/cmr/m/n/10 is the map pro-ject-ing vec-tors from $\U/msb/m/n/10 R[]$ \OT1/
cmr/m/n/10 onto the row space of $^^F$. Sim-i-larly the map $\OML/cmm/m/it/10 P
[] [] \OT1/cmr/m/n/10 :  []\U/msb/m/n/10 R[] [] \OMS/cmsy/m/n/10 !  []\U/msb/m/
n/10 R[]$
 []


Overfull \hbox (52.1316pt too wide) in paragraph at lines 1460--1462
\OT1/cmr/m/n/10 or, us-ing the lan-guage of vec-tor spaces, $\OML/cmm/m/it/10 R
ow\OT1/cmr/m/n/10 (^^F)$ is iso-mor-phic to $\OML/cmm/m/it/10 Col\OT1/cmr/m/n/1
0 (^^F)$ and so if $\OML/cmm/m/it/10 f [] \OT1/cmr/m/n/10 :  []\OML/cmm/m/it/10
 Row\OT1/cmr/m/n/10 (^^F) [] \OMS/cmsy/m/n/10 !  []\OML/cmm/m/it/10 Col\OT1/cmr
/m/n/10 (^^F)$
 []

[29] <./Figures/F14.pdf, id=583, 361.35pt x 361.35pt>
File: ./Figures/F14.pdf Graphic file (type pdf)
 <use ./Figures/F14.pdf>
[30] [31 <./Figures/F14.pdf>] [32]
<./Figures/F15.pdf, id=604, 361.35pt x 361.35pt>
File: ./Figures/F15.pdf Graphic file (type pdf)
 <use ./Figures/F15.pdf>
[33 <./Figures/F15.pdf>] [34]
Overfull \hbox (10.01184pt too wide) in paragraph at lines 1797--1799
\OT1/cmr/m/n/10 where $\OML/cmm/m/it/10 U$ \OT1/cmr/m/n/10 is an or-thog-o-nal 
ma-trix whose columns are eigen-vec-tors of $\OML/cmm/m/it/10 A$ \OT1/cmr/m/n/1
0 and $\OML/cmm/m/it/10 D \OT1/cmr/m/n/10 = \OML/cmm/m/it/10 diag\OT1/cmr/m/n/1
0 (\OML/cmm/m/it/10 ^^U[]; [] ; ^^U[]\OT1/cmr/m/n/10 )$
 []

[35] <./Figures/F16.pdf, id=625, 361.35pt x 361.35pt>
File: ./Figures/F16.pdf Graphic file (type pdf)
 <use ./Figures/F16.pdf>
Underfull \vbox (badness 7925) has occurred while \output is active []

 [36]
[37 <./Figures/F16.pdf>] [38

]
Chapter 2.

LaTeX Font Warning: Font shape `U/wasy/b/n' in size <7> not available
(Font)              Font shape `U/wasy/m/n' tried instead on input line 1929.


LaTeX Font Warning: Font shape `U/wasy/b/n' in size <5> not available
(Font)              Font shape `U/wasy/m/n' tried instead on input line 1929.

[39] [40] [41] [42] [43] [44] [45] [46] [47]
Overfull \hbox (0.85168pt too wide) in paragraph at lines 2483--2484
[]\OT1/cmr/m/n/10 Consider two nor-mally dis-tributed ran-dom vari-ables $\U/eu
s/m/n/10 W \OMS/cmsy/m/n/10 ^^X \OML/cmm/m/it/10 N\OT1/cmr/m/n/10 (\OML/cmm/m/i
t/10 ^^V[]; ^^[[]\OT1/cmr/m/n/10 )$ and $\U/eus/m/n/10 Y \OMS/cmsy/m/n/10 ^^X \
OML/cmm/m/it/10 N\OT1/cmr/m/n/10 (\OML/cmm/m/it/10 ^^V[]; ^^[[]\OT1/cmr/m/n/10 
)$
 []

[48] [49] [50] [51] [52] <./Figures/F21.pdf, id=717, 722.7pt x 722.7pt>
File: ./Figures/F21.pdf Graphic file (type pdf)

<use ./Figures/F21.pdf> <./Figures/F22.pdf, id=718, 722.7pt x 722.7pt>
File: ./Figures/F22.pdf Graphic file (type pdf)

<use ./Figures/F22.pdf> [53]

Package hyperref Warning: Token not allowed in a PDF string (PDFDocEncoding):
(hyperref)                removing `math shift' on input line 2741.


Package hyperref Warning: Token not allowed in a PDF string (PDFDocEncoding):
(hyperref)                removing `\Sigma' on input line 2741.


Package hyperref Warning: Token not allowed in a PDF string (PDFDocEncoding):
(hyperref)                removing `math shift' on input line 2741.

[54 <./Figures/F21.pdf> <./Figures/F22.pdf>] [55] [56

]
Chapter 3.
[57]
Overfull \hbox (0.79074pt too wide) in paragraph at lines 2818--2819
[]\OT1/cmr/m/n/10 Unfortunately the abil-ity to in-ter-pret the ran-dom vari-ab
les $\U/eus/m/n/10 X[]$ \OT1/cmr/m/n/10 or equiv-a-lently the columns
 []

[58] [59] [60] [61] [62] [63] [64]

Package hyperref Warning: Token not allowed in a PDF string (PDFDocEncoding):
(hyperref)                removing `math shift' on input line 2974.


Package hyperref Warning: Token not allowed in a PDF string (PDFDocEncoding):
(hyperref)                removing `\ell' on input line 2974.


Package hyperref Warning: Token not allowed in a PDF string (PDFDocEncoding):
(hyperref)                removing `subscript' on input line 2974.


Package hyperref Warning: Token not allowed in a PDF string (PDFDocEncoding):
(hyperref)                removing `math shift' on input line 2974.

[65] [66] [67] [68] [69] [70]

Package hyperref Warning: Token not allowed in a PDF string (PDFDocEncoding):
(hyperref)                removing `math shift' on input line 3286.


Package hyperref Warning: Token not allowed in a PDF string (PDFDocEncoding):
(hyperref)                removing `\ell' on input line 3286.


Package hyperref Warning: Token not allowed in a PDF string (PDFDocEncoding):
(hyperref)                removing `subscript' on input line 3286.


Package hyperref Warning: Token not allowed in a PDF string (PDFDocEncoding):
(hyperref)                removing `math shift' on input line 3286.

[71] [72] [73] [74] [75] [76]
Chapter 4.

Overfull \hbox (16.21022pt too wide) in paragraph at lines 3513--3514
\OT1/cmr/m/n/10 ments are largely cred-ited to Karl Pear-son and Harold Hotelli
ng [[], []].
 []

[77

] [78] [79] [80] <./Figures/arbEigen.pdf, id=896, 722.7pt x 722.7pt>
File: ./Figures/arbEigen.pdf Graphic file (type pdf)

<use ./Figures/arbEigen.pdf> <./Figures/e2.pdf, id=897, 505.89pt x 505.89pt>
File: ./Figures/e2.pdf Graphic file (type pdf)

<use ./Figures/e2.pdf>
Underfull \vbox (badness 10000) has occurred while \output is active []

 [81 <./Figures/arbEigen.pdf>]
Underfull \vbox (badness 5756) has occurred while \output is active []

 [82 <./Figures/e2.pdf>] [83] <./Figures/levs4.pdf, id=924, 722.7pt x 1084.05pt
>
File: ./Figures/levs4.pdf Graphic file (type pdf)

<use ./Figures/levs4.pdf>
Overfull \hbox (36.13834pt too wide) in paragraph at lines 3669--3670
 [] 
 []


Underfull \vbox (badness 10000) has occurred while \output is active []

 [84 <./Figures/levs4.pdf>] [85]
<./Figures/diag_ex_1_chosen_v_c.pdf, id=941, 722.7pt x 1084.05pt>
File: ./Figures/diag_ex_1_chosen_v_c.pdf Graphic file (type pdf)

<use ./Figures/diag_ex_1_chosen_v_c.pdf>
Overfull \hbox (28.9043pt too wide) in paragraph at lines 3688--3689
 [] 
 []


Underfull \vbox (badness 10000) has occurred while \output is active []

 [86 <./Figures/diag_ex_1_chosen_v_c.pdf>]
<./Figures/diag_ex_1_raster.pdf, id=954, 505.89pt x 505.89pt>
File: ./Figures/diag_ex_1_raster.pdf Graphic file (type pdf)

<use ./Figures/diag_ex_1_raster.pdf> [87] [88 <./Figures/diag_ex_1_raster.pdf>]
<./Figures/diag_ex_1_cur_raster.pdf, id=969, 505.89pt x 505.89pt>
File: ./Figures/diag_ex_1_cur_raster.pdf Graphic file (type pdf)

<use ./Figures/diag_ex_1_cur_raster.pdf>
<./Figures/diag_ex_1_cur_effect_avg.pdf, id=970, 722.7pt x 722.7pt>
File: ./Figures/diag_ex_1_cur_effect_avg.pdf Graphic file (type pdf)

<use ./Figures/diag_ex_1_cur_effect_avg.pdf> [89 <./Figures/diag_ex_1_cur_raste
r.pdf>] [90 <./Figures/diag_ex_1_cur_effect_avg.pdf>]
<./Figures/diag_ex_1_pca_raster.pdf, id=993, 505.89pt x 505.89pt>
File: ./Figures/diag_ex_1_pca_raster.pdf Graphic file (type pdf)

<use ./Figures/diag_ex_1_pca_raster.pdf>
<./Figures/diag_ex_1_pca_effect_avg.pdf, id=994, 722.7pt x 722.7pt>
File: ./Figures/diag_ex_1_pca_effect_avg.pdf Graphic file (type pdf)

<use ./Figures/diag_ex_1_pca_effect_avg.pdf> [91 <./Figures/diag_ex_1_pca_raste
r.pdf> <./Figures/diag_ex_1_pca_effect_avg.pdf>] [92] [93] [94]
<./Figures/diag_ex_2/e_vec_approx_diff.pdf, id=1026, 722.7pt x 722.7pt>
File: ./Figures/diag_ex_2/e_vec_approx_diff.pdf Graphic file (type pdf)

<use ./Figures/diag_ex_2/e_vec_approx_diff.pdf>
<./Figures/diag_ex_2/e_vec_approx_same.pdf, id=1027, 722.7pt x 722.7pt>
File: ./Figures/diag_ex_2/e_vec_approx_same.pdf Graphic file (type pdf)

<use ./Figures/diag_ex_2/e_vec_approx_same.pdf> [95 <./Figures/diag_ex_2/e_vec_
approx_diff.pdf> <./Figures/diag_ex_2/e_vec_approx_same.pdf>] [96]
<./Figures/diag_ex_2/levs.pdf, id=1052, 722.7pt x 1084.05pt>
File: ./Figures/diag_ex_2/levs.pdf Graphic file (type pdf)

<use ./Figures/diag_ex_2/levs.pdf>
Overfull \hbox (36.13834pt too wide) in paragraph at lines 3911--3912
 [] 
 []


Underfull \hbox (badness 2020) in paragraph at lines 3912--3912
[]\OT1/cmr/m/n/10 Figure 4.12: []The lever-age scores of data gen-er-ated from 
a mul-ti-vari-ate nor-mal
 []


Underfull \vbox (badness 10000) has occurred while \output is active []

 [97 <./Figures/diag_ex_2/levs.pdf>] [98]
<./Figures/diag_ex_2/chosen_v_c.pdf, id=1069, 722.7pt x 1084.05pt>
File: ./Figures/diag_ex_2/chosen_v_c.pdf Graphic file (type pdf)

<use ./Figures/diag_ex_2/chosen_v_c.pdf>
Overfull \hbox (36.13834pt too wide) in paragraph at lines 3945--3946
 [] 
 []


Underfull \vbox (badness 10000) has occurred while \output is active []

 [99 <./Figures/diag_ex_2/chosen_v_c.pdf>]
<./Figures/diag_ex_2/raster.pdf, id=1082, 505.89pt x 505.89pt>
File: ./Figures/diag_ex_2/raster.pdf Graphic file (type pdf)

<use ./Figures/diag_ex_2/raster.pdf> [100 <./Figures/diag_ex_2/raster.pdf>]
<./Figures/diag_ex_2/raster_cur.pdf, id=1093, 505.89pt x 505.89pt>
File: ./Figures/diag_ex_2/raster_cur.pdf Graphic file (type pdf)

<use ./Figures/diag_ex_2/raster_cur.pdf> [101 <./Figures/diag_ex_2/raster_cur.p
df>] [102] <./Figures/diag_ex_2/raster_pca.pdf, id=1108, 505.89pt x 505.89pt>
File: ./Figures/diag_ex_2/raster_pca.pdf Graphic file (type pdf)

<use ./Figures/diag_ex_2/raster_pca.pdf>
<./Figures/diag_ex_2/avg_pca_effect.pdf, id=1109, 722.7pt x 722.7pt>
File: ./Figures/diag_ex_2/avg_pca_effect.pdf Graphic file (type pdf)

<use ./Figures/diag_ex_2/avg_pca_effect.pdf> [103 <./Figures/diag_ex_2/raster_p
ca.pdf> <./Figures/diag_ex_2/avg_pca_effect.pdf>] [104]
Overfull \hbox (28.28433pt too wide) in paragraph at lines 4055--4056
\OT1/cmr/m/n/10 facts about compound-symmetric ma-tri-ces. We take these facts 
from [[]].
 []

[105] [106] [107] <./Figures/cs_ex_1/eigen.pdf, id=1146, 722.7pt x 722.7pt>
File: ./Figures/cs_ex_1/eigen.pdf Graphic file (type pdf)

<use ./Figures/cs_ex_1/eigen.pdf> [108 <./Figures/cs_ex_1/eigen.pdf>] [109]
<./Figures/cs_ex_1/levs.pdf, id=1164, 722.7pt x 1084.05pt>
File: ./Figures/cs_ex_1/levs.pdf Graphic file (type pdf)

<use ./Figures/cs_ex_1/levs.pdf>
Overfull \hbox (36.13834pt too wide) in paragraph at lines 4220--4221
 [] 
 []

[110 <./Figures/cs_ex_1/levs.pdf>]
<./Figures/cs_ex_1/chosen.pdf, id=1176, 722.7pt x 1084.05pt>
File: ./Figures/cs_ex_1/chosen.pdf Graphic file (type pdf)

<use ./Figures/cs_ex_1/chosen.pdf>
Overfull \hbox (36.13834pt too wide) in paragraph at lines 4226--4227
 [] 
 []


Underfull \vbox (badness 10000) has occurred while \output is active []

 [111 <./Figures/cs_ex_1/chosen.pdf>]
<./Figures/cs_ex_1/raster.pdf, id=1189, 505.89pt x 505.89pt>
File: ./Figures/cs_ex_1/raster.pdf Graphic file (type pdf)

<use ./Figures/cs_ex_1/raster.pdf> [112 <./Figures/cs_ex_1/raster.pdf>]
<./Figures/cs_ex_1/raster_cur.pdf, id=1200, 505.89pt x 505.89pt>
File: ./Figures/cs_ex_1/raster_cur.pdf Graphic file (type pdf)

<use ./Figures/cs_ex_1/raster_cur.pdf>
<./Figures/cs_ex_1/avg_cur_effect.pdf, id=1201, 722.7pt x 722.7pt>
File: ./Figures/cs_ex_1/avg_cur_effect.pdf Graphic file (type pdf)

<use ./Figures/cs_ex_1/avg_cur_effect.pdf> [113 <./Figures/cs_ex_1/raster_cur.p
df> <./Figures/cs_ex_1/avg_cur_effect.pdf>]
<./Figures/cs_ex_1/raster_pca.pdf, id=1220, 505.89pt x 505.89pt>
File: ./Figures/cs_ex_1/raster_pca.pdf Graphic file (type pdf)

<use ./Figures/cs_ex_1/raster_pca.pdf> [114 <./Figures/cs_ex_1/raster_pca.pdf>]
[115] [116] [117] <./Figures/crabs/levs.pdf, id=1254, 722.7pt x 1084.05pt>
File: ./Figures/crabs/levs.pdf Graphic file (type pdf)

<use ./Figures/crabs/levs.pdf>
Overfull \hbox (57.8184pt too wide) in paragraph at lines 4374--4375
 [] 
 []


Underfull \vbox (badness 10000) has occurred while \output is active []

 [118 <./Figures/crabs/levs.pdf>]
<./Figures/crabs/chosen.pdf, id=1267, 722.7pt x 1084.05pt>
File: ./Figures/crabs/chosen.pdf Graphic file (type pdf)

<use ./Figures/crabs/chosen.pdf>
Overfull \hbox (57.8184pt too wide) in paragraph at lines 4380--4381
 [] 
 []


Underfull \vbox (badness 10000) has occurred while \output is active []

 [119 <./Figures/crabs/chosen.pdf>]
<./Figures/crabs/raster.pdf, id=1280, 505.89pt x 505.89pt>
File: ./Figures/crabs/raster.pdf Graphic file (type pdf)

<use ./Figures/crabs/raster.pdf> [120 <./Figures/crabs/raster.pdf>]
<./Figures/crabs/pca_raster.pdf, id=1291, 505.89pt x 505.89pt>
File: ./Figures/crabs/pca_raster.pdf Graphic file (type pdf)

<use ./Figures/crabs/pca_raster.pdf> [121 <./Figures/crabs/pca_raster.pdf>]
[122

] [123] [124]
Missing character: There is no Ã in font cmr10!
Missing character: There is no ¡ in font cmr10!
Missing character: There is no Ã in font cmr10!
Missing character: There is no ¡ in font cmr10!
Missing character: There is no â in font cmr10!
Missing character: There is no € in font cmr10!
Missing character: There is no “ in font cmr10!
 [125

] (./Thesis.aux) ) 
Here is how much of TeX's memory you used:
 7312 strings out of 493848
 102018 string characters out of 1152823
 201175 words of memory out of 3000000
 10129 multiletter control sequences out of 15000+50000
 22439 words of font info for 89 fonts, out of 3000000 for 9000
 714 hyphenation exceptions out of 8191
 45i,21n,43p,1471b,413s stack positions out of 5000i,500n,10000p,200000b,50000s
</usr/share/texmf-texlive/fonts/type1/bitstrea/charter/bchb8a
.pfb></usr/share/texmf-texlive/fonts/type1/public/amsfonts/cm/cmbx10.pfb></usr/
share/texmf-texlive/fonts/type1/public/amsfonts/cm/cmbx12.pfb></usr/share/texmf
-texlive/fonts/type1/public/amsfonts/cm/cmbx5.pfb></usr/share/texmf-texlive/fon
ts/type1/public/amsfonts/cm/cmbx7.pfb></usr/share/texmf-texlive/fonts/type1/pub
lic/amsfonts/cm/cmex10.pfb></usr/share/texmf-texlive/fonts/type1/public/amsfont
s/cm/cmmi10.pfb></usr/share/texmf-texlive/fonts/type1/public/amsfonts/cm/cmmi12
.pfb></usr/share/texmf-texlive/fonts/type1/public/amsfonts/cm/cmmi5.pfb></usr/s
hare/texmf-texlive/fonts/type1/public/amsfonts/cm/cmmi7.pfb></usr/share/texmf-t
exlive/fonts/type1/public/amsfonts/cm/cmmi8.pfb></usr/share/texmf-texlive/fonts
/type1/public/amsfonts/cm/cmmib10.pfb></usr/share/texmf-texlive/fonts/type1/pub
lic/amsfonts/cm/cmr10.pfb></usr/share/texmf-texlive/fonts/type1/public/amsfonts
/cm/cmr12.pfb></usr/share/texmf-texlive/fonts/type1/public/amsfonts/cm/cmr5.pfb
></usr/share/texmf-texlive/fonts/type1/public/amsfonts/cm/cmr6.pfb></usr/share/
texmf-texlive/fonts/type1/public/amsfonts/cm/cmr7.pfb></usr/share/texmf-texlive
/fonts/type1/public/amsfonts/cm/cmr8.pfb></usr/share/texmf-texlive/fonts/type1/
public/amsfonts/cm/cmsy10.pfb></usr/share/texmf-texlive/fonts/type1/public/amsf
onts/cm/cmsy7.pfb></usr/share/texmf-texlive/fonts/type1/public/amsfonts/cm/cmti
10.pfb></usr/share/texmf-texlive/fonts/type1/public/amsfonts/euler/eusb10.pfb><
/usr/share/texmf-texlive/fonts/type1/public/amsfonts/euler/eusb7.pfb></usr/shar
e/texmf-texlive/fonts/type1/public/amsfonts/euler/eusm10.pfb></usr/share/texmf-
texlive/fonts/type1/public/amsfonts/euler/eusm7.pfb></usr/share/texmf-texlive/f
onts/type1/public/amsfonts/symbols/msam10.pfb></usr/share/texmf-texlive/fonts/t
ype1/public/amsfonts/symbols/msbm10.pfb></usr/share/texmf-texlive/fonts/type1/p
ublic/wasy/wasy10.pfb>
Output written on Thesis.pdf (125 pages, 1479871 bytes).
PDF statistics:
 1469 PDF objects out of 1728 (max. 8388607)
 272 named destinations out of 1000 (max. 500000)
 677 words of extra memory for PDF output out of 10000 (max. 10000000)

