\BOOKMARK [0][-]{chapter*.1}{Introduction}{}
\BOOKMARK [0][-]{chapter.1}{The Singular Value Decomposition}{}
\BOOKMARK [1][-]{section.1.1}{Diagonalization}{chapter.1}
\BOOKMARK [2][-]{subsection.1.1.1}{Diagonal And Diagonalizable Matrices}{section.1.1}
\BOOKMARK [2][-]{subsection.1.1.2}{Orthogonal Diagonalization}{section.1.1}
\BOOKMARK [1][-]{section.1.2}{The Singular Value Decomposition}{chapter.1}
\BOOKMARK [2][-]{subsection.1.2.1}{The Symmetric Forms ATA and AAT}{section.1.2}
\BOOKMARK [2][-]{subsection.1.2.2}{Existence and Uniqueness}{section.1.2}
\BOOKMARK [1][-]{section.1.3}{Important Applications}{chapter.1}
\BOOKMARK [2][-]{subsection.1.3.1}{Pseudoinversion and Projection}{section.1.3}
\BOOKMARK [2][-]{subsection.1.3.2}{Quadratic Forms and Principal Axes}{section.1.3}
\BOOKMARK [0][-]{chapter.2}{Multivariate Generalizations}{}
\BOOKMARK [1][-]{section.2.1}{Covariance and Correlation}{chapter.2}
\BOOKMARK [2][-]{subsection.2.1.1}{The Covariance and Correlation Matrices}{section.2.1}
\BOOKMARK [2][-]{subsection.2.1.2}{Properties and Linear Combinations}{section.2.1}
\BOOKMARK [2][-]{subsection.2.1.3}{The Frobenius Norm}{section.2.1}
\BOOKMARK [2][-]{subsection.2.1.4}{Total Variance}{section.2.1}
\BOOKMARK [1][-]{section.2.2}{The Normal Distribution}{chapter.2}
\BOOKMARK [2][-]{subsection.2.2.1}{The Univariate Case}{section.2.2}
\BOOKMARK [2][-]{subsection.2.2.2}{The Multivariate Case}{section.2.2}
\BOOKMARK [2][-]{subsection.2.2.3}{The Degenerate }{section.2.2}
\BOOKMARK [0][-]{chapter.3}{The CUR Algorithm}{}
\BOOKMARK [1][-]{section.3.1}{Definition and Uses of CUR}{chapter.3}
\BOOKMARK [2][-]{subsection.3.1.1}{Definition in Literature}{section.3.1}
\BOOKMARK [2][-]{subsection.3.1.2}{A Vision for CUR}{section.3.1}
\BOOKMARK [2][-]{subsection.3.1.3}{The R Implementation}{section.3.1}
\BOOKMARK [1][-]{section.3.2}{The Column Parameter}{chapter.3}
\BOOKMARK [2][-]{subsection.3.2.1}{Assuming ci < 1}{section.3.2}
\BOOKMARK [2][-]{subsection.3.2.2}{No Assumptions on ci}{section.3.2}
\BOOKMARK [2][-]{subsection.3.2.3}{Conclusions}{section.3.2}
\BOOKMARK [1][-]{section.3.3}{The Rank Parameter and Leverage Scores}{chapter.3}
\BOOKMARK [2][-]{subsection.3.3.1}{Leverage Scores in the Literature}{section.3.3}
\BOOKMARK [0][-]{chapter.4}{Empirical Evaluations}{}
\BOOKMARK [1][-]{section.4.1}{Example 1: Identity Covariance}{chapter.4}
\BOOKMARK [2][-]{subsection.4.1.1}{The Data}{section.4.1}
\BOOKMARK [2][-]{subsection.4.1.2}{Eigenvectors}{section.4.1}
\BOOKMARK [2][-]{subsection.4.1.3}{Leverage Scores}{section.4.1}
\BOOKMARK [2][-]{subsection.4.1.4}{Columns Chosen}{section.4.1}
\BOOKMARK [2][-]{subsection.4.1.5}{Effectiveness}{section.4.1}
\BOOKMARK [2][-]{subsection.4.1.6}{Conclusion}{section.4.1}
\BOOKMARK [1][-]{section.4.2}{Example 2: Diagonal with Distinct Eigenvalues}{chapter.4}
\BOOKMARK [2][-]{subsection.4.2.1}{The Data}{section.4.2}
\BOOKMARK [2][-]{subsection.4.2.2}{Eigenvectors}{section.4.2}
\BOOKMARK [2][-]{subsection.4.2.3}{Leverage Scores}{section.4.2}
\BOOKMARK [2][-]{subsection.4.2.4}{Columns Chosen}{section.4.2}
\BOOKMARK [2][-]{subsection.4.2.5}{Effectiveness}{section.4.2}
\BOOKMARK [2][-]{subsection.4.2.6}{Conclusion}{section.4.2}
\BOOKMARK [1][-]{section.4.3}{Example 3: Compound Symmetric}{chapter.4}
\BOOKMARK [2][-]{subsection.4.3.1}{The Data}{section.4.3}
\BOOKMARK [2][-]{subsection.4.3.2}{Eigenvectors}{section.4.3}
\BOOKMARK [2][-]{subsection.4.3.3}{Leverage Scores}{section.4.3}
\BOOKMARK [2][-]{subsection.4.3.4}{Columns Chosen}{section.4.3}
\BOOKMARK [2][-]{subsection.4.3.5}{Effectiveness}{section.4.3}
\BOOKMARK [2][-]{subsection.4.3.6}{Conclusion}{section.4.3}
\BOOKMARK [1][-]{section.4.4}{Example 4: A Real World Example}{chapter.4}
\BOOKMARK [2][-]{subsection.4.4.1}{The Data}{section.4.4}
\BOOKMARK [2][-]{subsection.4.4.2}{Eigenvectors and Leverage Scores}{section.4.4}
\BOOKMARK [2][-]{subsection.4.4.3}{Columns Chosen}{section.4.4}
\BOOKMARK [2][-]{subsection.4.4.4}{Effectiveness}{section.4.4}
\BOOKMARK [2][-]{subsection.4.4.5}{Conclusion}{section.4.4}
\BOOKMARK [0][-]{subsection.4.4.5}{Conclusion}{}
\BOOKMARK [0][-]{chapter*.18}{Bibliography}{}
